help.are
group.are
social.are
rom.are
immort.are
limbo.are
smurf.are
plains.are
ofcol2.are
olympus.are
air.are
shire.are
hitower.are
gnome.are
wyvern.are
catacomb.are
hood.are
draconia.are
mahntor.are
trollden.are
midgaard.are
chapel.are
midennir.are
grave.are
school.are
moria.are
eastern.are
drow.are
thalos.are
mirror.are
ofcol.are
haon.are
arachnos.are
dwarven.are
daycare.are
sewer.are
valley.are
redferne.are
mega1.are
marsh.are
dream.are
grove.are
nirvana.are
dylan.are
canyon.are
galaxy.are
mobfact.are
newthalos.are
$
